2025-04-06 05:38:57,339 INFO token Access Token Received: eyJhbGciOi...bc59w
2025-04-06 05:38:57,339 INFO token Refresh Token Received: eyJhbGciOi...JUsN8
2025-04-06 05:39:06,630 INFO token Access Token Received: eyJhbGciOi...bc59w
2025-04-06 05:39:06,630 INFO token Refresh Token Received: eyJhbGciOi...JUsN8
2025-04-06 05:43:44,741 INFO token Access Token Received: eyJhbGciOi...bc59w
2025-04-06 05:43:44,741 INFO token Refresh Token Received: eyJhbGciOi...JUsN8
2025-04-06 05:44:11,403 INFO token No Access Token Received
2025-04-06 05:44:11,404 INFO token No Refresh Token Received
2025-04-06 05:55:41,437 INFO token Access Token Received: eyJhbGciOi...bc59w
2025-04-06 05:55:41,437 INFO token Refresh Token Received: eyJhbGciOi...JUsN8
2025-04-06 05:55:58,221 INFO token Access Token Received: eyJhbGciOi...bc59w
2025-04-06 05:55:58,221 INFO token Refresh Token Received: eyJhbGciOi...JUsN8
2025-04-06 05:56:00,792 INFO token Access Token Received: eyJhbGciOi...bc59w
2025-04-06 05:56:00,792 INFO token Refresh Token Received: eyJhbGciOi...JUsN8
2025-04-06 05:56:12,543 INFO token Access Token Received: eyJhbGciOi...bc59w
2025-04-06 05:56:12,543 INFO token Refresh Token Received: eyJhbGciOi...JUsN8
2025-04-06 05:58:49,620 INFO token Access Token Received: eyJhbGciOi...bc59w
2025-04-06 05:58:49,621 INFO token Refresh Token Received: eyJhbGciOi...JUsN8
2025-04-06 05:58:55,590 INFO token Access Token Received: eyJhbGciOi...bc59w
2025-04-06 05:58:55,590 INFO token Refresh Token Received: eyJhbGciOi...JUsN8
2025-04-06 06:16:43,162 INFO token Access Token Received: eyJhbGciOi...bc59w
2025-04-06 06:16:43,162 INFO token Refresh Token Received: eyJhbGciOi...JUsN8
2025-04-06 06:16:49,943 INFO token Access Token Received: eyJhbGciOi...bc59w
2025-04-06 06:16:49,944 INFO token Refresh Token Received: eyJhbGciOi...JUsN8
2025-04-06 06:24:26,094 INFO token Access Token Received: eyJhbGciOi...bc59w
2025-04-06 06:24:26,094 INFO token Refresh Token Received: eyJhbGciOi...JUsN8
2025-04-06 06:24:31,555 INFO token Access Token Received: eyJhbGciOi...bc59w
2025-04-06 06:24:31,555 INFO token Refresh Token Received: eyJhbGciOi...JUsN8
2025-04-06 06:25:15,860 INFO token Access Token Received: eyJhbGciOi...YxEUQ
2025-04-06 06:25:15,860 INFO token Refresh Token Received: eyJhbGciOi...0XpXY
2025-04-06 06:25:19,318 INFO token Access Token Received: eyJhbGciOi...YxEUQ
2025-04-06 06:25:19,318 INFO token Refresh Token Received: eyJhbGciOi...0XpXY
2025-04-06 06:25:54,860 INFO token Access Token Received: eyJhbGciOi...hdJ3E
2025-04-06 06:25:54,860 INFO token Refresh Token Received: eyJhbGciOi...TT3c0
2025-04-06 06:26:21,871 INFO token Access Token Received: eyJhbGciOi...hdJ3E
2025-04-06 06:26:21,871 INFO token Refresh Token Received: eyJhbGciOi...TT3c0
2025-04-06 06:33:48,694 INFO token Access Token Received: eyJhbGciOi...f_Puw
2025-04-06 06:33:48,695 INFO token Refresh Token Received: eyJhbGciOi...y7w9E
2025-04-06 06:37:14,570 INFO token Access Token Received: eyJhbGciOi...HHSjg
2025-04-06 06:37:14,570 INFO token Refresh Token Received: eyJhbGciOi...DklEc
2025-04-06 06:37:17,363 INFO token Access Token Received: eyJhbGciOi...fqOJs
2025-04-06 06:37:17,363 INFO token Refresh Token Received: eyJhbGciOi...NUmP8
2025-04-06 06:41:27,944 INFO token Access Token Received: eyJhbGciOi...fqOJs
2025-04-06 06:41:27,944 INFO token Refresh Token Received: eyJhbGciOi...NUmP8
2025-04-06 06:41:32,642 INFO token Access Token Received: eyJhbGciOi...fqOJs
2025-04-06 06:41:32,642 INFO token Refresh Token Received: eyJhbGciOi...NUmP8
2025-04-06 06:41:38,135 INFO token Access Token Received: eyJhbGciOi...fqOJs
2025-04-06 06:41:38,136 INFO token Refresh Token Received: eyJhbGciOi...NUmP8
2025-04-06 06:41:46,232 INFO token Access Token Received: eyJhbGciOi...fqOJs
2025-04-06 06:41:46,232 INFO token Refresh Token Received: eyJhbGciOi...NUmP8
2025-04-06 06:41:50,435 INFO token Access Token Received: eyJhbGciOi...IGiCg
2025-04-06 06:41:50,435 INFO token Refresh Token Received: eyJhbGciOi...dyd8k
2025-04-06 06:41:50,456 INFO token Access Token Received: eyJhbGciOi...IGiCg
2025-04-06 06:41:50,456 INFO token Refresh Token Received: eyJhbGciOi...dyd8k
2025-04-06 06:50:46,674 INFO token Access Token Received: eyJhbGciOi...IGiCg
2025-04-06 06:50:46,675 INFO token Refresh Token Received: eyJhbGciOi...dyd8k
2025-04-06 06:50:48,676 INFO token Access Token Received: eyJhbGciOi...IGiCg
2025-04-06 06:50:48,676 INFO token Refresh Token Received: eyJhbGciOi...dyd8k
2025-04-06 07:05:22,410 INFO token Access Token Received: eyJhbGciOi...IGiCg
2025-04-06 07:05:22,411 INFO token Refresh Token Received: eyJhbGciOi...dyd8k
2025-04-06 07:05:40,771 INFO token Access Token Received: eyJhbGciOi...mBF7E
2025-04-06 07:05:40,772 INFO token Refresh Token Received: eyJhbGciOi...0Jx5Y
2025-04-06 07:15:07,092 INFO token Access Token Received: eyJhbGciOi...elNdM
2025-04-06 07:15:07,092 INFO token Refresh Token Received: eyJhbGciOi...y2TG0
2025-04-06 07:15:09,618 INFO token Access Token Received: eyJhbGciOi...3DwXY
2025-04-06 07:15:09,619 INFO token Refresh Token Received: eyJhbGciOi...lDkXg
2025-04-06 07:15:09,622 INFO token Access Token Received: eyJhbGciOi...3DwXY
2025-04-06 07:15:09,623 INFO token Refresh Token Received: eyJhbGciOi...lDkXg
2025-04-06 07:19:04,368 INFO token Access Token Received: eyJhbGciOi...3DwXY
2025-04-06 07:19:04,369 INFO token Refresh Token Received: eyJhbGciOi...lDkXg
2025-04-06 07:19:04,586 INFO token Access Token Received: eyJhbGciOi...3DwXY
2025-04-06 07:19:04,587 INFO token Refresh Token Received: eyJhbGciOi...lDkXg
2025-04-06 07:19:04,721 INFO token Access Token Received: eyJhbGciOi...3DwXY
2025-04-06 07:19:04,722 INFO token Refresh Token Received: eyJhbGciOi...lDkXg
2025-04-06 07:19:04,765 INFO token Access Token Received: eyJhbGciOi...3DwXY
2025-04-06 07:19:04,765 INFO token Refresh Token Received: eyJhbGciOi...lDkXg
2025-04-06 07:19:20,892 INFO token Access Token Received: eyJhbGciOi...3DwXY
2025-04-06 07:19:20,893 INFO token Refresh Token Received: eyJhbGciOi...lDkXg
2025-04-06 07:19:20,898 INFO token No Access Token Received
2025-04-06 07:19:20,898 INFO token No Refresh Token Received
2025-04-06 07:19:20,906 INFO token No Access Token Received
2025-04-06 07:19:20,906 INFO token No Refresh Token Received
2025-04-06 07:19:21,012 INFO token Access Token Received: eyJhbGciOi...3DwXY
2025-04-06 07:19:21,012 INFO token Refresh Token Received: eyJhbGciOi...lDkXg
2025-04-06 07:22:01,639 INFO token Access Token Received: eyJhbGciOi...3DwXY
2025-04-06 07:22:01,639 INFO token No Access Token Received
2025-04-06 07:22:01,639 INFO token Refresh Token Received: eyJhbGciOi...lDkXg
2025-04-06 07:22:01,639 INFO token No Refresh Token Received
2025-04-06 07:22:01,800 INFO token Access Token Received: eyJhbGciOi...3DwXY
2025-04-06 07:22:01,800 INFO token Refresh Token Received: eyJhbGciOi...lDkXg
2025-04-06 07:22:08,531 INFO token No Access Token Received
2025-04-06 07:22:08,531 INFO token No Refresh Token Received
2025-04-06 07:23:09,829 INFO token No Access Token Received
2025-04-06 07:23:09,829 INFO token No Refresh Token Received
2025-04-06 07:23:13,744 INFO token No Access Token Received
2025-04-06 07:23:13,744 INFO token No Refresh Token Received
2025-04-06 07:23:13,746 INFO token Access Token Received: eyJhbGciOi...3DwXY
2025-04-06 07:23:13,746 INFO token Refresh Token Received: eyJhbGciOi...lDkXg
2025-04-06 07:23:13,879 INFO token Access Token Received: eyJhbGciOi...3DwXY
2025-04-06 07:23:13,879 INFO token Refresh Token Received: eyJhbGciOi...lDkXg
2025-04-07 02:45:52,154 INFO token No Access Token Received
2025-04-07 02:45:52,155 INFO token Refresh Token Received: eyJhbGciOi...lDkXg
2025-04-07 02:46:18,799 INFO token No Access Token Received
2025-04-07 02:46:18,799 INFO token Refresh Token Received: eyJhbGciOi...lDkXg
2025-04-07 02:46:22,356 INFO token Access Token Received: eyJhbGciOi...aKLSY
2025-04-07 02:46:22,356 INFO token Refresh Token Received: eyJhbGciOi...qKUT8
2025-04-07 02:46:25,967 INFO token Access Token Received: eyJhbGciOi...mPOIE
2025-04-07 02:46:25,967 INFO token Refresh Token Received: eyJhbGciOi...yDm0w
2025-04-07 02:46:26,113 INFO token Access Token Received: eyJhbGciOi...mPOIE
2025-04-07 02:46:26,114 INFO token Refresh Token Received: eyJhbGciOi...yDm0w
2025-04-07 02:48:13,243 INFO token Access Token Received: eyJhbGciOi...mPOIE
2025-04-07 02:48:13,244 INFO token Refresh Token Received: eyJhbGciOi...yDm0w
2025-04-07 02:48:14,588 INFO token Access Token Received: eyJhbGciOi...mPOIE
2025-04-07 02:48:14,588 INFO token Refresh Token Received: eyJhbGciOi...yDm0w
2025-04-07 02:48:21,746 INFO token Access Token Received: eyJhbGciOi...mPOIE
2025-04-07 02:48:21,747 INFO token Refresh Token Received: eyJhbGciOi...yDm0w
2025-04-07 02:48:21,912 INFO token Access Token Received: eyJhbGciOi...mPOIE
2025-04-07 02:48:21,912 INFO token Refresh Token Received: eyJhbGciOi...yDm0w
2025-04-07 02:48:22,012 INFO token Access Token Received: eyJhbGciOi...mPOIE
2025-04-07 02:48:22,013 INFO token Refresh Token Received: eyJhbGciOi...yDm0w
2025-04-07 02:48:35,830 INFO token Access Token Received: eyJhbGciOi...mPOIE
2025-04-07 02:48:35,830 INFO token Refresh Token Received: eyJhbGciOi...yDm0w
2025-04-07 02:48:36,994 INFO token Access Token Received: eyJhbGciOi...mPOIE
2025-04-07 02:48:36,994 INFO token Refresh Token Received: eyJhbGciOi...yDm0w
2025-04-07 02:48:45,105 INFO token Access Token Received: eyJhbGciOi...mPOIE
2025-04-07 02:48:45,105 INFO token Refresh Token Received: eyJhbGciOi...yDm0w
2025-04-07 02:48:45,289 INFO token Access Token Received: eyJhbGciOi...mPOIE
2025-04-07 02:48:45,290 INFO token Refresh Token Received: eyJhbGciOi...yDm0w
2025-04-07 02:48:45,373 INFO token Access Token Received: eyJhbGciOi...mPOIE
2025-04-07 02:48:45,373 INFO token Refresh Token Received: eyJhbGciOi...yDm0w
2025-04-07 02:48:59,619 INFO token Access Token Received: eyJhbGciOi...mPOIE
2025-04-07 02:48:59,619 INFO token Refresh Token Received: eyJhbGciOi...yDm0w
2025-04-07 02:49:00,510 INFO token Access Token Received: eyJhbGciOi...mPOIE
2025-04-07 02:49:00,510 INFO token Refresh Token Received: eyJhbGciOi...yDm0w
2025-04-07 02:49:07,705 INFO token Access Token Received: eyJhbGciOi...mPOIE
2025-04-07 02:49:07,705 INFO token Refresh Token Received: eyJhbGciOi...yDm0w
2025-04-07 02:49:09,084 INFO token Access Token Received: eyJhbGciOi...nC5dE
2025-04-07 02:49:09,085 INFO token Refresh Token Received: eyJhbGciOi...rAT7A
2025-04-07 02:49:09,182 INFO token Access Token Received: eyJhbGciOi...nC5dE
2025-04-07 02:49:09,182 INFO token Refresh Token Received: eyJhbGciOi...rAT7A
2025-04-07 04:59:47,292 INFO token No Access Token Received
2025-04-07 04:59:47,293 INFO token Refresh Token Received: eyJhbGciOi...rAT7A
2025-04-07 05:01:22,518 INFO token No Access Token Received
2025-04-07 05:01:22,518 INFO token Refresh Token Received: eyJhbGciOi...rAT7A
2025-04-07 05:01:26,454 INFO token No Access Token Received
2025-04-07 05:01:26,454 INFO token Refresh Token Received: eyJhbGciOi...rAT7A
2025-04-07 05:02:23,235 INFO token No Access Token Received
2025-04-07 05:02:23,235 INFO token Refresh Token Received: eyJhbGciOi...rAT7A
2025-04-07 05:02:39,166 INFO token No Access Token Received
2025-04-07 05:02:39,167 INFO token Refresh Token Received: eyJhbGciOi...rAT7A
2025-04-07 05:02:40,279 INFO token Access Token Received: eyJhbGciOi...nvdzM
2025-04-07 05:02:40,279 INFO token Refresh Token Received: eyJhbGciOi...ye6Sk
2025-04-07 05:02:40,455 INFO token Access Token Received: eyJhbGciOi...nvdzM
2025-04-07 05:02:40,455 INFO token Refresh Token Received: eyJhbGciOi...ye6Sk
2025-04-07 05:09:59,388 INFO token Access Token Received: eyJhbGciOi...nvdzM
2025-04-07 05:09:59,388 INFO token Refresh Token Received: eyJhbGciOi...ye6Sk
2025-04-07 05:10:42,672 INFO token Access Token Received: eyJhbGciOi...nvdzM
2025-04-07 05:10:42,672 INFO token Refresh Token Received: eyJhbGciOi...ye6Sk
2025-04-07 05:10:48,226 INFO token Access Token Received: eyJhbGciOi...nvdzM
2025-04-07 05:10:48,226 INFO token Refresh Token Received: eyJhbGciOi...ye6Sk
2025-04-07 05:16:05,914 INFO token Access Token Received: eyJhbGciOi...nvdzM
2025-04-07 05:16:05,915 INFO token Refresh Token Received: eyJhbGciOi...ye6Sk
2025-04-07 05:16:06,033 INFO token Access Token Received: eyJhbGciOi...nvdzM
2025-04-07 05:16:06,033 INFO token Refresh Token Received: eyJhbGciOi...ye6Sk
2025-04-07 05:16:18,106 INFO token Access Token Received: eyJhbGciOi...nvdzM
2025-04-07 05:16:18,106 INFO token Refresh Token Received: eyJhbGciOi...ye6Sk
2025-04-07 05:16:19,188 INFO token Access Token Received: eyJhbGciOi...H7DyA
2025-04-07 05:16:19,188 INFO token Refresh Token Received: eyJhbGciOi...GAiv8
2025-04-07 05:16:19,371 INFO token Access Token Received: eyJhbGciOi...H7DyA
2025-04-07 05:16:19,372 INFO token Refresh Token Received: eyJhbGciOi...GAiv8
2025-04-07 05:16:24,293 INFO token Access Token Received: eyJhbGciOi...H7DyA
2025-04-07 05:16:24,293 INFO token Refresh Token Received: eyJhbGciOi...GAiv8
2025-04-07 05:16:25,002 INFO token Access Token Received: eyJhbGciOi...H7DyA
2025-04-07 05:16:25,003 INFO token Refresh Token Received: eyJhbGciOi...GAiv8
2025-04-07 05:16:39,957 INFO token Access Token Received: eyJhbGciOi...H7DyA
2025-04-07 05:16:39,957 INFO token Refresh Token Received: eyJhbGciOi...GAiv8
2025-04-07 05:16:41,402 INFO token Access Token Received: eyJhbGciOi...9hrxo
2025-04-07 05:16:41,402 INFO token Refresh Token Received: eyJhbGciOi..._N_AQ
2025-04-07 05:16:41,478 INFO token Access Token Received: eyJhbGciOi...9hrxo
2025-04-07 05:16:41,478 INFO token Refresh Token Received: eyJhbGciOi..._N_AQ
2025-04-07 06:00:35,708 INFO token Access Token Received: eyJhbGciOi...9hrxo
2025-04-07 06:00:35,709 INFO token Refresh Token Received: eyJhbGciOi..._N_AQ
2025-04-07 06:00:35,942 INFO token Access Token Received: eyJhbGciOi...9hrxo
2025-04-07 06:00:35,942 INFO token Refresh Token Received: eyJhbGciOi..._N_AQ
2025-04-07 06:00:36,054 INFO token Access Token Received: eyJhbGciOi...9hrxo
2025-04-07 06:00:36,054 INFO token Refresh Token Received: eyJhbGciOi..._N_AQ
2025-04-07 06:31:21,788 INFO token No Access Token Received
2025-04-07 06:31:21,788 INFO token Refresh Token Received: eyJhbGciOi..._N_AQ
2025-04-07 06:32:49,892 INFO token No Access Token Received
2025-04-07 06:32:49,892 INFO token Refresh Token Received: eyJhbGciOi..._N_AQ
2025-04-07 06:32:50,771 INFO token Access Token Received: eyJhbGciOi..._kCJQ
2025-04-07 06:32:50,771 INFO token Refresh Token Received: eyJhbGciOi...41Djo
2025-04-07 06:32:50,847 INFO token Access Token Received: eyJhbGciOi..._kCJQ
2025-04-07 06:32:50,847 INFO token Refresh Token Received: eyJhbGciOi...41Djo
2025-04-07 06:34:15,391 INFO token Access Token Received: eyJhbGciOi..._kCJQ
2025-04-07 06:34:15,391 INFO token Refresh Token Received: eyJhbGciOi...41Djo
2025-04-07 06:34:15,622 INFO token Access Token Received: eyJhbGciOi..._kCJQ
2025-04-07 06:34:15,622 INFO token Refresh Token Received: eyJhbGciOi...41Djo
2025-04-07 06:34:15,699 INFO token Access Token Received: eyJhbGciOi..._kCJQ
2025-04-07 06:34:15,700 INFO token Refresh Token Received: eyJhbGciOi...41Djo
2025-04-07 06:37:34,809 INFO token Access Token Received: eyJhbGciOi..._kCJQ
2025-04-07 06:37:34,809 INFO token Refresh Token Received: eyJhbGciOi...41Djo
2025-04-07 06:37:35,034 INFO token Access Token Received: eyJhbGciOi..._kCJQ
2025-04-07 06:37:35,034 INFO token Refresh Token Received: eyJhbGciOi...41Djo
2025-04-07 06:37:35,153 INFO token Access Token Received: eyJhbGciOi..._kCJQ
2025-04-07 06:37:35,153 INFO token Refresh Token Received: eyJhbGciOi...41Djo
2025-04-07 06:56:23,318 INFO token Access Token Received: eyJhbGciOi..._kCJQ
2025-04-07 06:56:23,318 INFO token Refresh Token Received: eyJhbGciOi...41Djo
2025-04-07 06:56:24,262 INFO token Access Token Received: eyJhbGciOi..._kCJQ
2025-04-07 06:56:24,263 INFO token Refresh Token Received: eyJhbGciOi...41Djo
2025-04-07 06:56:24,427 INFO token Access Token Received: eyJhbGciOi..._kCJQ
2025-04-07 06:56:24,428 INFO token Refresh Token Received: eyJhbGciOi...41Djo
2025-04-07 06:58:23,682 INFO token Access Token Received: eyJhbGciOi..._kCJQ
2025-04-07 06:58:23,682 INFO token Refresh Token Received: eyJhbGciOi...41Djo
2025-04-07 06:58:23,870 INFO token Access Token Received: eyJhbGciOi..._kCJQ
2025-04-07 06:58:23,906 INFO token Refresh Token Received: eyJhbGciOi...41Djo
2025-04-07 06:58:24,005 INFO token Access Token Received: eyJhbGciOi..._kCJQ
2025-04-07 06:58:24,006 INFO token Refresh Token Received: eyJhbGciOi...41Djo
2025-04-07 07:00:29,656 INFO token Access Token Received: eyJhbGciOi..._kCJQ
2025-04-07 07:00:29,657 INFO token Refresh Token Received: eyJhbGciOi...41Djo
2025-04-07 07:00:30,451 INFO token Access Token Received: eyJhbGciOi..._kCJQ
2025-04-07 07:00:30,452 INFO token Refresh Token Received: eyJhbGciOi...41Djo
2025-04-07 07:00:30,552 INFO token Access Token Received: eyJhbGciOi..._kCJQ
2025-04-07 07:00:30,553 INFO token Refresh Token Received: eyJhbGciOi...41Djo
2025-04-07 07:05:25,810 INFO token Access Token Received: eyJhbGciOi..._kCJQ
2025-04-07 07:05:25,811 INFO token Refresh Token Received: eyJhbGciOi...41Djo
2025-04-07 07:05:26,047 INFO token Access Token Received: eyJhbGciOi..._kCJQ
2025-04-07 07:05:26,047 INFO token Refresh Token Received: eyJhbGciOi...41Djo
2025-04-07 07:05:26,166 INFO token Access Token Received: eyJhbGciOi..._kCJQ
2025-04-07 07:05:26,166 INFO token Refresh Token Received: eyJhbGciOi...41Djo
